tracks {
  binding: IS_VISIBLE
  targetid: 673
  targetname: "Magenta Solid 1"
  keytimes {
    datatype: AE_INT_DATA
    timeOffset: 0
    inttype: AE_INTERP_HOLD
    ivalue1: 1
  }
}
tracks {
  binding: IS_VISIBLE
  targetid: 674
  targetname: "Black Solid 1"
  keytimes {
    datatype: AE_INT_DATA
    timeOffset: 0
    inttype: AE_INTERP_HOLD
    ivalue1: 1
  }
}
tracks {
  binding: OPACITY
  targetid: 674
  targetname: "Black Solid 1"
  keytimes {
    datatype: AE_FLOAT_DATA
    timeOffset: 0
    inttype: AE_INTERP_LINEAR
    fvalue1: 0
  }
  keytimes {
    datatype: AE_FLOAT_DATA
    timeOffset: 0.36703369
    inttype: AE_INTERP_LINEAR
    fvalue1: 0
  }
  keytimes {
    datatype: AE_FLOAT_DATA
    timeOffset: 0.46713379
    inttype: AE_INTERP_LINEAR
    fvalue1: 0.4
  }
  trackName: "Opacity"
}
tracks {
  binding: IS_VISIBLE
  targetid: 675
  targetname: "Next Screen"
  keytimes {
    datatype: AE_INT_DATA
    timeOffset: 0
    inttype: AE_INTERP_HOLD
    ivalue1: 1
  }
}
markers {
  starttime: 0.366992
  duration: 0.1
  name: "Press"
  tracksSelection {
    targetid: 674
    binding: OPACITY
  }
  alltracks: false
  id: 18
  looping: false
}
