activecomp {
  name: "Screen1_MainComp"
  width: 640
  height: 480
  defaultcameradistance: 888.88892
  layer {
    name: "Screen 1"
    id: 1
    sourceid: -1
    transform {
      anchorPoint {
        x: 0
        y: 0
        z: 0
      }
      scale {
        x: 1
        y: 1
        z: 1
      }
      position {
        x: 322.32178
        y: 79
        z: 0
      }
      orientation {
        x: 0
        y: 0
        z: 0
      }
      rotationX: 0
      rotationY: 0
      rotationZ: 0
      opacity: 1
    }
    acceptsshadows: true
    acceptslights: true
    castsshadows: false
    textinfo {
      justification: AE_TEXT_CENTER
      fontSize: 30
      fontColor {
        alpha: 1
        red: 1
        green: 1
        blue: 1
      }
      fontName: "Arial-Black"
      isPointText: true
      isLabel: true
      text: "Screen 1"
      multiline: false
      isAllCaps: false
    }
  }
  layer {
    name: "NextButton"
    id: 2
    sourceid: 673
    transform {
      anchorPoint {
        x: 99.5
        y: 50
        z: 0
      }
      scale {
        x: 1
        y: 1
        z: 1
      }
      position {
        x: 320
        y: 364
        z: 0
      }
      orientation {
        x: 0
        y: 0
        z: 0
      }
      rotationX: 0
      rotationY: 0
      rotationZ: 0
      opacity: 1
    }
    acceptsshadows: true
    acceptslights: true
    castsshadows: false
  }
  bgcolor {
    alpha: 1
    red: 0
    green: 0
    blue: 0
  }
  childtemplates: "Screen1_NextButton"
}
sources {
  uid: 1
  srctype: AE_FONT_SRC
  name: "Arial-Black"
  copy_source: true
  file_name: "yi_Arial Black-Regular.ttf"
}
sources {
  uid: 673
  srctype: AE_COMP_SRC
  name: "Screen1_NextButton.layout"
  width: 199
  height: 100
  copy_source: true
}
